[0.486s] Invoking command in '/home/sfw/Desktop/ros2_ws/src/robot': PYTHONPATH=/home/sfw/Desktop/ros2_ws/build/robot/prefix_override:/home/sfw/Desktop/ros2_ws/install/robot/lib/python3.10/site-packages:${PYTHONPATH} /usr/bin/python3 -W ignore:setup.py install is deprecated setup.py egg_info --egg-base ../../build/robot build --build-base /home/sfw/Desktop/ros2_ws/build/robot/build install --record /home/sfw/Desktop/ros2_ws/build/robot/install.log --single-version-externally-managed install_data
[0.680s] running egg_info
[0.680s] writing ../../build/robot/robot.egg-info/PKG-INFO
[0.681s] writing dependency_links to ../../build/robot/robot.egg-info/dependency_links.txt
[0.681s] writing entry points to ../../build/robot/robot.egg-info/entry_points.txt
[0.681s] writing requirements to ../../build/robot/robot.egg-info/requires.txt
[0.681s] writing top-level names to ../../build/robot/robot.egg-info/top_level.txt
[0.683s] reading manifest file '../../build/robot/robot.egg-info/SOURCES.txt'
[0.690s] writing manifest file '../../build/robot/robot.egg-info/SOURCES.txt'
[0.690s] running build
[0.690s] running build_py
[0.691s] running install
[0.691s] running install_lib
[0.694s] running install_data
[0.694s] running install_egg_info
[0.697s] removing '/home/sfw/Desktop/ros2_ws/install/robot/lib/python3.10/site-packages/robot-0.0.0-py3.10.egg-info' (and everything under it)
[0.698s] Copying ../../build/robot/robot.egg-info to /home/sfw/Desktop/ros2_ws/install/robot/lib/python3.10/site-packages/robot-0.0.0-py3.10.egg-info
[0.699s] running install_scripts
[0.719s] writing list of installed files to '/home/sfw/Desktop/ros2_ws/build/robot/install.log'
[0.740s] Invoked command in '/home/sfw/Desktop/ros2_ws/src/robot' returned '0': PYTHONPATH=/home/sfw/Desktop/ros2_ws/build/robot/prefix_override:/home/sfw/Desktop/ros2_ws/install/robot/lib/python3.10/site-packages:${PYTHONPATH} /usr/bin/python3 -W ignore:setup.py install is deprecated setup.py egg_info --egg-base ../../build/robot build --build-base /home/sfw/Desktop/ros2_ws/build/robot/build install --record /home/sfw/Desktop/ros2_ws/build/robot/install.log --single-version-externally-managed install_data
