[0.502s] Invoking command in '/home/sfw/Desktop/ros2_ws/src/robot': PYTHONPATH=/home/sfw/Desktop/ros2_ws/build/robot/prefix_override:/home/sfw/Desktop/ros2_ws/install/robot/lib/python3.10/site-packages:${PYTHONPATH} /usr/bin/python3 -W ignore:setup.py install is deprecated setup.py egg_info --egg-base ../../build/robot build --build-base /home/sfw/Desktop/ros2_ws/build/robot/build install --record /home/sfw/Desktop/ros2_ws/build/robot/install.log --single-version-externally-managed install_data
[0.702s] running egg_info
[0.702s] writing ../../build/robot/robot.egg-info/PKG-INFO
[0.702s] writing dependency_links to ../../build/robot/robot.egg-info/dependency_links.txt
[0.702s] writing entry points to ../../build/robot/robot.egg-info/entry_points.txt
[0.703s] writing requirements to ../../build/robot/robot.egg-info/requires.txt
[0.703s] writing top-level names to ../../build/robot/robot.egg-info/top_level.txt
[0.704s] reading manifest file '../../build/robot/robot.egg-info/SOURCES.txt'
[0.705s] writing manifest file '../../build/robot/robot.egg-info/SOURCES.txt'
[0.705s] running build
[0.705s] running build_py
[0.705s] running install
[0.705s] running install_lib
[0.706s] running install_data
[0.706s] running install_egg_info
[0.708s] removing '/home/sfw/Desktop/ros2_ws/install/robot/lib/python3.10/site-packages/robot-0.0.0-py3.10.egg-info' (and everything under it)
[0.708s] Copying ../../build/robot/robot.egg-info to /home/sfw/Desktop/ros2_ws/install/robot/lib/python3.10/site-packages/robot-0.0.0-py3.10.egg-info
[0.709s] running install_scripts
[0.727s] writing list of installed files to '/home/sfw/Desktop/ros2_ws/build/robot/install.log'
[0.744s] Invoked command in '/home/sfw/Desktop/ros2_ws/src/robot' returned '0': PYTHONPATH=/home/sfw/Desktop/ros2_ws/build/robot/prefix_override:/home/sfw/Desktop/ros2_ws/install/robot/lib/python3.10/site-packages:${PYTHONPATH} /usr/bin/python3 -W ignore:setup.py install is deprecated setup.py egg_info --egg-base ../../build/robot build --build-base /home/sfw/Desktop/ros2_ws/build/robot/build install --record /home/sfw/Desktop/ros2_ws/build/robot/install.log --single-version-externally-managed install_data
