[0.520s] Invoking command in '/home/sfw/Desktop/ros2_ws/src/robot': PYTHONPATH=/home/sfw/Desktop/ros2_ws/build/robot/prefix_override:/home/sfw/Desktop/ros2_ws/install/robot/lib/python3.10/site-packages:${PYTHONPATH} /usr/bin/python3 -W ignore:setup.py install is deprecated setup.py egg_info --egg-base ../../build/robot build --build-base /home/sfw/Desktop/ros2_ws/build/robot/build install --record /home/sfw/Desktop/ros2_ws/build/robot/install.log --single-version-externally-managed install_data
[0.725s] running egg_info
[0.726s] writing ../../build/robot/robot.egg-info/PKG-INFO
[0.727s] writing dependency_links to ../../build/robot/robot.egg-info/dependency_links.txt
[0.727s] writing entry points to ../../build/robot/robot.egg-info/entry_points.txt
[0.727s] writing requirements to ../../build/robot/robot.egg-info/requires.txt
[0.727s] writing top-level names to ../../build/robot/robot.egg-info/top_level.txt
[0.729s] reading manifest file '../../build/robot/robot.egg-info/SOURCES.txt'
[0.730s] writing manifest file '../../build/robot/robot.egg-info/SOURCES.txt'
[0.730s] running build
[0.730s] running build_py
[0.730s] running install
[0.730s] running install_lib
[0.731s] running install_data
[0.731s] copying launch/joystick.launch.py -> /home/sfw/Desktop/ros2_ws/install/robot/share/robot/launch
[0.731s] running install_egg_info
[0.733s] removing '/home/sfw/Desktop/ros2_ws/install/robot/lib/python3.10/site-packages/robot-0.0.0-py3.10.egg-info' (and everything under it)
[0.733s] Copying ../../build/robot/robot.egg-info to /home/sfw/Desktop/ros2_ws/install/robot/lib/python3.10/site-packages/robot-0.0.0-py3.10.egg-info
[0.734s] running install_scripts
[0.752s] writing list of installed files to '/home/sfw/Desktop/ros2_ws/build/robot/install.log'
[0.768s] Invoked command in '/home/sfw/Desktop/ros2_ws/src/robot' returned '0': PYTHONPATH=/home/sfw/Desktop/ros2_ws/build/robot/prefix_override:/home/sfw/Desktop/ros2_ws/install/robot/lib/python3.10/site-packages:${PYTHONPATH} /usr/bin/python3 -W ignore:setup.py install is deprecated setup.py egg_info --egg-base ../../build/robot build --build-base /home/sfw/Desktop/ros2_ws/build/robot/build install --record /home/sfw/Desktop/ros2_ws/build/robot/install.log --single-version-externally-managed install_data
