[0.488s] Invoking command in '/home/sfw/Desktop/ros2_ws/src/robot': PYTHONPATH=/home/sfw/Desktop/ros2_ws/build/robot/prefix_override:/home/sfw/Desktop/ros2_ws/install/robot/lib/python3.10/site-packages:${PYTHONPATH} /usr/bin/python3 -W ignore:setup.py install is deprecated setup.py egg_info --egg-base ../../build/robot build --build-base /home/sfw/Desktop/ros2_ws/build/robot/build install --record /home/sfw/Desktop/ros2_ws/build/robot/install.log --single-version-externally-managed install_data
[0.694s] running egg_info
[0.694s] creating ../../build/robot/robot.egg-info
[0.694s] writing ../../build/robot/robot.egg-info/PKG-INFO
[0.694s] writing dependency_links to ../../build/robot/robot.egg-info/dependency_links.txt
[0.694s] writing entry points to ../../build/robot/robot.egg-info/entry_points.txt
[0.695s] writing requirements to ../../build/robot/robot.egg-info/requires.txt
[0.695s] writing top-level names to ../../build/robot/robot.egg-info/top_level.txt
[0.695s] writing manifest file '../../build/robot/robot.egg-info/SOURCES.txt'
[0.696s] reading manifest file '../../build/robot/robot.egg-info/SOURCES.txt'
[0.697s] writing manifest file '../../build/robot/robot.egg-info/SOURCES.txt'
[0.697s] running build
[0.697s] running build_py
[0.697s] creating /home/sfw/Desktop/ros2_ws/build/robot/build
[0.697s] creating /home/sfw/Desktop/ros2_ws/build/robot/build/lib
[0.697s] creating /home/sfw/Desktop/ros2_ws/build/robot/build/lib/robot
[0.697s] copying robot/__init__.py -> /home/sfw/Desktop/ros2_ws/build/robot/build/lib/robot
[0.697s] running install
[0.698s] running install_lib
[0.698s] creating /home/sfw/Desktop/ros2_ws/install/robot/lib/python3.10/site-packages/robot
[0.698s] copying /home/sfw/Desktop/ros2_ws/build/robot/build/lib/robot/__init__.py -> /home/sfw/Desktop/ros2_ws/install/robot/lib/python3.10/site-packages/robot
[0.698s] byte-compiling /home/sfw/Desktop/ros2_ws/install/robot/lib/python3.10/site-packages/robot/__init__.py to __init__.cpython-310.pyc
[0.698s] running install_data
[0.699s] creating /home/sfw/Desktop/ros2_ws/install/robot/share/ament_index
[0.699s] creating /home/sfw/Desktop/ros2_ws/install/robot/share/ament_index/resource_index
[0.699s] creating /home/sfw/Desktop/ros2_ws/install/robot/share/ament_index/resource_index/packages
[0.699s] copying resource/robot -> /home/sfw/Desktop/ros2_ws/install/robot/share/ament_index/resource_index/packages
[0.699s] copying package.xml -> /home/sfw/Desktop/ros2_ws/install/robot/share/robot
[0.699s] creating /home/sfw/Desktop/ros2_ws/install/robot/share/robot/launch
[0.699s] copying launch/joystick.launch.py -> /home/sfw/Desktop/ros2_ws/install/robot/share/robot/launch
[0.699s] creating /home/sfw/Desktop/ros2_ws/install/robot/share/robot/config
[0.699s] copying config/joystick.yaml -> /home/sfw/Desktop/ros2_ws/install/robot/share/robot/config
[0.699s] running install_egg_info
[0.701s] Copying ../../build/robot/robot.egg-info to /home/sfw/Desktop/ros2_ws/install/robot/lib/python3.10/site-packages/robot-0.0.0-py3.10.egg-info
[0.701s] running install_scripts
[0.720s] writing list of installed files to '/home/sfw/Desktop/ros2_ws/build/robot/install.log'
[0.754s] Invoked command in '/home/sfw/Desktop/ros2_ws/src/robot' returned '0': PYTHONPATH=/home/sfw/Desktop/ros2_ws/build/robot/prefix_override:/home/sfw/Desktop/ros2_ws/install/robot/lib/python3.10/site-packages:${PYTHONPATH} /usr/bin/python3 -W ignore:setup.py install is deprecated setup.py egg_info --egg-base ../../build/robot build --build-base /home/sfw/Desktop/ros2_ws/build/robot/build install --record /home/sfw/Desktop/ros2_ws/build/robot/install.log --single-version-externally-managed install_data
